<?xml version="1.0" encoding="UTF-8"?>
<!-- Generated by org.testng.reporters.JUnitReportReporter -->
<testsuite hostname="DESKTOP-CNAG3N6" failures="0" tests="5" name="Com.itview.testcases.practice.Selenium_testing_test_practice.LoginTestCaseAttribute" time="14.986" errors="0" timestamp="2023-03-15T23:31:50 IST" skipped="0">
  <testcase classname="Com.itview.testcases.practice.Selenium_testing_test_practice.LoginTestCaseAttribute" name="LoginAdminTest" time="3.853"/>
  <system-out/>
  <testcase classname="Com.itview.testcases.practice.Selenium_testing_test_practice.LoginTestCaseAttribute" name="LogintuserTest" time="2.965"/>
  <system-out/>
  <testcase classname="Com.itview.testcases.practice.Selenium_testing_test_practice.LoginTestCaseAttribute" name="LogintuserTest" time="3.278"/>
  <system-out/>
  <testcase classname="Com.itview.testcases.practice.Selenium_testing_test_practice.LoginTestCaseAttribute" name="LogintuserTest" time="3.068"/>
  <system-out/>
  <testcase classname="Com.itview.testcases.practice.Selenium_testing_test_practice.LoginTestCaseAttribute" name="LoginInvalidTest" time="1.822"/>
  <system-out/>
</testsuite> <!-- Com.itview.testcases.practice.Selenium_testing_test_practice.LoginTestCaseAttribute -->
