<?xml version="1.0" encoding="UTF-8"?>
<!-- Generated by org.testng.reporters.JUnitReportReporter -->
<testsuite hostname="DESKTOP-CNAG3N6" failures="0" tests="1" name="Com.test.NewTest1" time="7.715" errors="0" timestamp="2023-05-28T19:51:20 IST" skipped="0">
  <testcase classname="Com.test.NewTest1" name="testMethod" time="7.715"/>
  <system-out/>
</testsuite> <!-- Com.test.NewTest1 -->
