<?xml version="1.0" encoding="UTF-8"?>
<!-- Generated by org.testng.reporters.JUnitReportReporter -->
<testsuite hostname="DESKTOP-CNAG3N6" failures="0" tests="3" name="Com.itview.testcases.practice.Selenium_testing_test_practice.AllAnnotations" time="0.007" errors="0" timestamp="2023-04-26T20:16:18 IST" skipped="0">
  <testcase classname="Com.itview.testcases.practice.Selenium_testing_test_practice.AllAnnotations" name="f2" time="0.001"/>
  <system-out/>
  <testcase classname="Com.itview.testcases.practice.Selenium_testing_test_practice.AllAnnotations" name="f" time="0.005"/>
  <system-out/>
  <testcase classname="Com.itview.testcases.practice.Selenium_testing_test_practice.AllAnnotations" name="f1" time="0.001"/>
  <system-out/>
</testsuite> <!-- Com.itview.testcases.practice.Selenium_testing_test_practice.AllAnnotations -->
