<?xml version="1.0" encoding="UTF-8"?>
<!-- Generated by org.testng.reporters.JUnitReportReporter -->
<testsuite hostname="DESKTOP-CNAG3N6" failures="0" tests="3" name="Com.itview.testcases.practice.Selenium_testing_test_practice.Basic_WebObjectCode" time="8.987" errors="0" timestamp="2023-02-26T19:47:41 IST" skipped="0">
  <testcase classname="Com.itview.testcases.practice.Selenium_testing_test_practice.Basic_WebObjectCode" name="handleTextBox" time="6.161"/>
  <system-out/>
  <testcase classname="Com.itview.testcases.practice.Selenium_testing_test_practice.Basic_WebObjectCode" name="handleRadioButton_Checkbox" time="1.546"/>
  <system-out/>
  <testcase classname="Com.itview.testcases.practice.Selenium_testing_test_practice.Basic_WebObjectCode" name="handleDropDownList" time="1.280"/>
  <system-out/>
</testsuite> <!-- Com.itview.testcases.practice.Selenium_testing_test_practice.Basic_WebObjectCode -->
