<?xml version="1.0" encoding="UTF-8"?>
<!-- Generated by org.testng.reporters.JUnitReportReporter -->
<testsuite hostname="DESKTOP-CNAG3N6" failures="0" tests="1" name="keyWordDrivenTest.CarHomeLoanEMI_Test" time="13.673" errors="0" timestamp="2023-03-10T21:06:54 IST" skipped="0">
  <testcase classname="keyWordDrivenTest.CarHomeLoanEMI_Test" name="carHomeLoanEMI_Test1" time="13.673"/>
  <system-out/>
</testsuite> <!-- keyWordDrivenTest.CarHomeLoanEMI_Test -->
