<?xml version="1.0" encoding="UTF-8"?>
<!-- Generated by org.testng.reporters.JUnitReportReporter -->
<testsuite hostname="DESKTOP-CNAG3N6" failures="0" tests="6" name="Com.itview.testcases.practice.Selenium_testing_test_practice.ThreadPoolSizeEx" time="0.041" errors="0" timestamp="2023-04-04T12:06:24 IST" skipped="0">
  <testcase classname="Com.itview.testcases.practice.Selenium_testing_test_practice.ThreadPoolSizeEx" name="invocationCount" time="0.009"/>
  <system-out/>
  <testcase classname="Com.itview.testcases.practice.Selenium_testing_test_practice.ThreadPoolSizeEx" name="invocationCount" time="0.009"/>
  <system-out/>
  <testcase classname="Com.itview.testcases.practice.Selenium_testing_test_practice.ThreadPoolSizeEx" name="invocationCount" time="0.002"/>
  <system-out/>
  <testcase classname="Com.itview.testcases.practice.Selenium_testing_test_practice.ThreadPoolSizeEx" name="invocationCount" time="0.010"/>
  <system-out/>
  <testcase classname="Com.itview.testcases.practice.Selenium_testing_test_practice.ThreadPoolSizeEx" name="test1" time="0.001"/>
  <system-out/>
  <testcase classname="Com.itview.testcases.practice.Selenium_testing_test_practice.ThreadPoolSizeEx" name="invocationCount" time="0.010"/>
  <system-out/>
</testsuite> <!-- Com.itview.testcases.practice.Selenium_testing_test_practice.ThreadPoolSizeEx -->
