<?xml version="1.0" encoding="UTF-8"?>
<!-- Generated by org.testng.reporters.JUnitReportReporter -->
<testsuite hostname="DESKTOP-CNAG3N6" failures="0" tests="2" name="Com.itview.testcases.practice.Selenium_testing_test_practice.SoftAssertTest" time="6.160" errors="0" timestamp="2023-03-05T20:32:20 IST" skipped="0">
  <testcase classname="Com.itview.testcases.practice.Selenium_testing_test_practice.SoftAssertTest" name="LoginAdminTest" time="3.027"/>
  <system-out/>
  <testcase classname="Com.itview.testcases.practice.Selenium_testing_test_practice.SoftAssertTest" name="SoftssertTest_SignOut" time="3.133"/>
  <system-out/>
</testsuite> <!-- Com.itview.testcases.practice.Selenium_testing_test_practice.SoftAssertTest -->
