<?xml version="1.0" encoding="UTF-8"?>
<!-- Generated by org.testng.reporters.JUnitReportReporter -->
<testsuite hostname="DESKTOP-CNAG3N6" failures="0" tests="2" name="Com.test.NewTest" time="12.288" errors="0" timestamp="2023-05-28T20:05:01 IST" skipped="0">
  <testcase classname="Com.test.NewTest" name="b" time="5.597"/>
  <system-out/>
  <testcase classname="Com.test.NewTest" name="a" time="6.691"/>
  <system-out/>
</testsuite> <!-- Com.test.NewTest -->
