<?xml version="1.0" encoding="UTF-8"?>
<!-- Generated by org.testng.reporters.JUnitReportReporter -->
<testsuite hostname="DESKTOP-CNAG3N6" failures="0" tests="1" name="Com.test.latest.NewTest" time="0.009" errors="0" timestamp="2023-05-31T23:54:58 IST" skipped="0">
  <testcase classname="Com.test.latest.NewTest" name="f" time="0.009"/>
  <system-out/>
</testsuite> <!-- Com.test.latest.NewTest -->
