<?xml version="1.0" encoding="UTF-8"?>
<!-- Generated by org.testng.reporters.JUnitReportReporter -->
<testsuite hostname="DESKTOP-CNAG3N6" failures="0" tests="1" name="Com.itview.testcases.practice.Selenium_testing_test_practice.Window_tab" time="13.946" errors="0" timestamp="2023-03-04T02:29:39 IST" skipped="0">
  <testcase classname="Com.itview.testcases.practice.Selenium_testing_test_practice.Window_tab" name="WindowTabFlipkart" time="13.946"/>
  <system-out/>
</testsuite> <!-- Com.itview.testcases.practice.Selenium_testing_test_practice.Window_tab -->
