<?xml version="1.0" encoding="UTF-8"?>
<!-- Generated by org.testng.reporters.JUnitReportReporter -->
<testsuite hostname="DESKTOP-CNAG3N6" failures="0" tests="5" name="Com.itview.testcases.practice.Selenium_testing_test_practice.LoginTestCaseAttribute" time="15.096" errors="0" timestamp="2023-03-03T11:03:05 IST" skipped="0">
  <testcase classname="Com.itview.testcases.practice.Selenium_testing_test_practice.LoginTestCaseAttribute" name="LoginAdminTest" time="4.503"/>
  <system-out/>
  <testcase classname="Com.itview.testcases.practice.Selenium_testing_test_practice.LoginTestCaseAttribute" name="LogintuserTest" time="2.943"/>
  <system-out/>
  <testcase classname="Com.itview.testcases.practice.Selenium_testing_test_practice.LoginTestCaseAttribute" name="LogintuserTest" time="3.069"/>
  <system-out/>
  <testcase classname="Com.itview.testcases.practice.Selenium_testing_test_practice.LoginTestCaseAttribute" name="LogintuserTest" time="2.786"/>
  <system-out/>
  <testcase classname="Com.itview.testcases.practice.Selenium_testing_test_practice.LoginTestCaseAttribute" name="LoginInvalidTest" time="1.795"/>
  <system-out/>
</testsuite> <!-- Com.itview.testcases.practice.Selenium_testing_test_practice.LoginTestCaseAttribute -->
