<?xml version="1.0" encoding="UTF-8"?>
<!-- Generated by org.testng.reporters.JUnitReportReporter -->
<testsuite hostname="DESKTOP-CNAG3N6" failures="0" tests="1" name="Com.itview.testcases.practice.Selenium_testing_test_practice.Code_Fro_Navigate" time="17.227" errors="0" timestamp="2023-02-26T20:30:11 IST" skipped="0">
  <testcase classname="Com.itview.testcases.practice.Selenium_testing_test_practice.Code_Fro_Navigate" name="Code_For_Navigate_Test" time="17.227"/>
  <system-out/>
</testsuite> <!-- Com.itview.testcases.practice.Selenium_testing_test_practice.Code_Fro_Navigate -->
