<?xml version="1.0" encoding="UTF-8"?>
<!-- Generated by org.testng.reporters.JUnitReportReporter -->
<testsuite hostname="DESKTOP-CNAG3N6" failures="0" tests="3" name="Com.itview.DataDriven.DataDriven_FixedDeposit" time="26.200" errors="0" timestamp="2023-04-28T13:02:50 IST" skipped="0">
  <testcase classname="Com.itview.DataDriven.DataDriven_FixedDeposit" name="f" time="6.230"/>
  <system-out/>
  <testcase classname="Com.itview.DataDriven.DataDriven_FixedDeposit" name="f" time="13.641"/>
  <system-out/>
  <testcase classname="Com.itview.DataDriven.DataDriven_FixedDeposit" name="f" time="6.329"/>
  <system-out/>
</testsuite> <!-- Com.itview.DataDriven.DataDriven_FixedDeposit -->
