<?xml version="1.0" encoding="UTF-8"?>
<!-- Generated by org.testng.reporters.JUnitReportReporter -->
<testsuite hostname="DESKTOP-CNAG3N6" failures="0" tests="4" name="Com.itview.testcases.practice.Selenium_testing_test_practice.threadpoolsize" time="10.231" errors="0" timestamp="2023-04-04T21:34:48 IST" skipped="0">
  <testcase classname="Com.itview.testcases.practice.Selenium_testing_test_practice.threadpoolsize" name="testmethod" time="3.088"/>
  <system-out/>
  <testcase classname="Com.itview.testcases.practice.Selenium_testing_test_practice.threadpoolsize" name="testmethod" time="2.043"/>
  <system-out/>
  <testcase classname="Com.itview.testcases.practice.Selenium_testing_test_practice.threadpoolsize" name="testmethod" time="3.062"/>
  <system-out/>
  <testcase classname="Com.itview.testcases.practice.Selenium_testing_test_practice.threadpoolsize" name="testmethod" time="2.038"/>
  <system-out/>
</testsuite> <!-- Com.itview.testcases.practice.Selenium_testing_test_practice.threadpoolsize -->
