<?xml version="1.0" encoding="UTF-8"?>
<!-- Generated by org.testng.reporters.JUnitReportReporter -->
<testsuite hostname="DESKTOP-CNAG3N6" failures="0" tests="3" name="Com.itview.testcases.practice.Selenium_testing_test_practice.NewTest" time="0.011" errors="0" timestamp="2023-04-04T12:31:04 IST" skipped="3">
  <testcase classname="Com.itview.testcases.practice.Selenium_testing_test_practice.NewTest" name="testcase2" time="0.010">
    <skipped/>
  </testcase> <!-- testcase2 -->
  <system-out/>
  <testcase classname="Com.itview.testcases.practice.Selenium_testing_test_practice.NewTest" name="testcase3" time="0.001">
    <skipped/>
  </testcase> <!-- testcase3 -->
  <system-out/>
  <testcase classname="Com.itview.testcases.practice.Selenium_testing_test_practice.NewTest" name="testcase1">
    <skipped/>
  </testcase> <!-- testcase1 -->
  <system-out/>
</testsuite> <!-- Com.itview.testcases.practice.Selenium_testing_test_practice.NewTest -->
