<?xml version="1.0" encoding="UTF-8"?>
<!-- Generated by org.testng.reporters.JUnitReportReporter -->
<testsuite hostname="DESKTOP-CNAG3N6" failures="0" tests="1" name="Com.itview.testcases.practice.Selenium_testing_test_practice.Mouse_Handle" time="18.682" errors="0" timestamp="2023-03-04T02:07:04 IST" skipped="0">
  <testcase classname="Com.itview.testcases.practice.Selenium_testing_test_practice.Mouse_Handle" name="Mouse_Handelle_Test" time="18.682"/>
  <system-out/>
</testsuite> <!-- Com.itview.testcases.practice.Selenium_testing_test_practice.Mouse_Handle -->
