<?xml version="1.0" encoding="UTF-8"?>
<!-- Generated by org.testng.reporters.JUnitReportReporter -->
<testsuite hostname="DESKTOP-CNAG3N6" failures="0" tests="2" name="Com.itview.testcases.practice.Selenium_testing_test_practice.HardTestTest" time="4.793" errors="0" timestamp="2023-03-15T20:55:09 IST" skipped="0">
  <testcase classname="Com.itview.testcases.practice.Selenium_testing_test_practice.HardTestTest" name="HardAssertTest" time="3.127"/>
  <system-out/>
  <testcase classname="Com.itview.testcases.practice.Selenium_testing_test_practice.HardTestTest" name="HardAssertTest_SignOut" time="1.666"/>
  <system-out/>
</testsuite> <!-- Com.itview.testcases.practice.Selenium_testing_test_practice.HardTestTest -->
