<?xml version="1.0" encoding="UTF-8"?>
<!-- Generated by org.testng.reporters.JUnitReportReporter -->
<testsuite hostname="DESKTOP-CNAG3N6" failures="0" tests="3" name="Com.itview.DataDriven.DataDriven_FixedDeposit" time="30.089" errors="0" timestamp="2023-03-09T00:06:08 IST" skipped="0">
  <testcase classname="Com.itview.DataDriven.DataDriven_FixedDeposit" name="f" time="6.549"/>
  <system-out/>
  <testcase classname="Com.itview.DataDriven.DataDriven_FixedDeposit" name="f" time="16.252"/>
  <system-out/>
  <testcase classname="Com.itview.DataDriven.DataDriven_FixedDeposit" name="f" time="7.288"/>
  <system-out/>
</testsuite> <!-- Com.itview.DataDriven.DataDriven_FixedDeposit -->
