<?xml version="1.0" encoding="UTF-8"?>
<!-- Generated by org.testng.reporters.JUnitReportReporter -->
<testsuite hostname="DESKTOP-CNAG3N6" failures="0" tests="2" name="Com.test.latest.NewTest1" time="12.310" errors="0" timestamp="2023-05-31T23:39:27 IST" skipped="0">
  <testcase classname="Com.test.latest.NewTest1" name="b" time="5.596"/>
  <system-out/>
  <testcase classname="Com.test.latest.NewTest1" name="a" time="6.714"/>
  <system-out/>
</testsuite> <!-- Com.test.latest.NewTest1 -->
