<?xml version="1.0" encoding="UTF-8"?>
<!-- Generated by org.testng.reporters.JUnitReportReporter -->
<testsuite hostname="DESKTOP-CNAG3N6" failures="0" tests="1" name="Com.itview.testcases.practice.Selenium_testing_test_practice.LoginTestcase_TestNG" time="3.709" errors="0" timestamp="2023-02-28T08:48:37 IST" skipped="0">
  <testcase classname="Com.itview.testcases.practice.Selenium_testing_test_practice.LoginTestcase_TestNG" name="LoginTestCase_TestNG_Test" time="3.709"/>
  <system-out/>
</testsuite> <!-- Com.itview.testcases.practice.Selenium_testing_test_practice.LoginTestcase_TestNG -->
