<?xml version="1.0" encoding="UTF-8"?>
<!-- Generated by org.testng.reporters.JUnitReportReporter -->
<testsuite hostname="DESKTOP-CNAG3N6" failures="0" tests="1" name="keyWordDrivenTest.CarHomeLoanEMI_Test" time="12.177" errors="0" timestamp="2023-04-26T23:01:11 IST" skipped="0">
  <testcase classname="keyWordDrivenTest.CarHomeLoanEMI_Test" name="carHomeLoanEMI_Test1" time="12.177"/>
  <system-out/>
</testsuite> <!-- keyWordDrivenTest.CarHomeLoanEMI_Test -->
