<?xml version="1.0" encoding="UTF-8"?>
<!-- Generated by org.testng.reporters.JUnitReportReporter -->
<testsuite hostname="DESKTOP-CNAG3N6" failures="0" tests="1" name="Com.itview.testcases.practice.Selenium_testing_test_practice.ScreenShotTest" time="3.793" errors="0" timestamp="2023-03-05T20:56:33 IST" skipped="0">
  <testcase classname="Com.itview.testcases.practice.Selenium_testing_test_practice.ScreenShotTest" name="Code_For_ScreenshotTest" time="3.793"/>
  <system-out/>
</testsuite> <!-- Com.itview.testcases.practice.Selenium_testing_test_practice.ScreenShotTest -->
