<?xml version="1.0" encoding="UTF-8"?>
<!-- Generated by org.testng.reporters.JUnitReportReporter -->
<testsuite hostname="DESKTOP-CNAG3N6" failures="0" tests="2" name="Com.itview.testcases.practice.Selenium_testing_test_practice.CrossBrowserCode" time="15.029" errors="0" timestamp="2023-02-27T20:11:29 IST" skipped="0">
  <testcase classname="Com.itview.testcases.practice.Selenium_testing_test_practice.CrossBrowserCode" name="OpenGooglePageOnChrome" time="8.385"/>
  <system-out/>
  <testcase classname="Com.itview.testcases.practice.Selenium_testing_test_practice.CrossBrowserCode" name="OpenGooglePageOnEdge" time="6.644"/>
  <system-out/>
</testsuite> <!-- Com.itview.testcases.practice.Selenium_testing_test_practice.CrossBrowserCode -->
