<?xml version="1.0" encoding="UTF-8"?>
<!-- Generated by org.testng.reporters.JUnitReportReporter -->
<testsuite hostname="DESKTOP-CNAG3N6" failures="0" tests="5" name="Com.itview.testcases.practice.Selenium_testing_test_practice.LoginTestCaseAttribute" time="13.948" errors="0" timestamp="2023-03-15T23:36:28 IST" skipped="0">
  <testcase classname="Com.itview.testcases.practice.Selenium_testing_test_practice.LoginTestCaseAttribute" name="LoginAdminTest" time="3.476"/>
  <system-out/>
  <testcase classname="Com.itview.testcases.practice.Selenium_testing_test_practice.LoginTestCaseAttribute" name="LogintuserTest" time="2.690"/>
  <system-out/>
  <testcase classname="Com.itview.testcases.practice.Selenium_testing_test_practice.LoginTestCaseAttribute" name="LogintuserTest" time="2.997"/>
  <system-out/>
  <testcase classname="Com.itview.testcases.practice.Selenium_testing_test_practice.LoginTestCaseAttribute" name="LogintuserTest" time="3.078"/>
  <system-out/>
  <testcase classname="Com.itview.testcases.practice.Selenium_testing_test_practice.LoginTestCaseAttribute" name="LoginInvalidTest" time="1.707"/>
  <system-out/>
</testsuite> <!-- Com.itview.testcases.practice.Selenium_testing_test_practice.LoginTestCaseAttribute -->
